<?xml version="1.0" encoding="UTF-8" ?>
<testsuite tests="7" failures="0" name="TestInjectorImpl" time="0.041" errors="0" skipped="0">
  <properties>
[...]
</properties>
  <testcase classname="TestInjectorImpl" name="testScopePrototypeAndSingleton" time="0.023"/>
  <testcase classname="TestInjectorImpl" name="testTooManyConstructorsExceptions" time="0.006"/>
  <testcase classname="TestInjectorImpl" name="testCallProviderWithoutClassBinding" time="0"/>
  <testcase classname="TestInjectorImpl" name="testBindingNotFoundException" time="0.002"/>
  <testcase classname="TestInjectorImpl" name="testUsingDefaultConstructor" time="0.003"/>
  <testcase classname="TestInjectorImpl" name="testExistingBinding" time="0.003"/>
  <testcase classname="TestInjectorImpl" name="testConstructorNotFoundException" time="0.004"/>
</testsuite>